1.Checking versionXML of version4_4.xml
	2.Checking service of Zookeeper
		3.The dir doesn't exsist 

The Service: [Zookeeper] is fine!
	2.Checking service of Kafka
		3.The dir doesn't exsist 

The Service: [Kafka] is fine!
	2.Checking service of IncepterML
		3.The dir doesn't exsist 

The Service: [IncepterML] is fine!
	2.Checking service of Hadoop-yarn
		3.The dir doesn't exsist 

The Service: [Hadoop-yarn] is fine!
	2.Checking service of ElasticSearch
		3.The dir doesn't exsist 

The Service: [ElasticSearch] is fine!
	2.Checking service of Hadoop
		3.The dir exsist
			4.Checking dir: /usr/lib/hadoop
				5.All the jar files of : /usr/lib/hadoop
						not link file
							[rwx,r-x,r-x] user=[root] group=[wheel] file=[google-gson-stream-1.6.jar]
							[rwx,r-x,r-x] user=[root] group=[wheel] file=[/usr/lib/hadoop/google-gson-stream-1.6.jar]
							[rw-,r--,---] user=[root] group=[wheel] file=[/usr/lib/hadoop/algs4.jar]
						link file

[Warning]: The following are the problems of the Service: [Hadoop] in Current Environment: 
	[1] The Jars of the Service: [Hadoop] in Current  Environment is not consisitent with corresponding Standard Environment!
		The Number of No-Link-Jars of [Hadoop] in Current Environment is Less Than that in Standard Environment,  Lack 1 No-Link-Jars: 
			[rw-,r--,r--] user=[root] group=[root] file=[/usr/lib/hadoop/lib/jettison-1.1.jar]

		The Number of No-Link-Jars of [Hadoop] in Current Environment is More Than that in Standard Environment, Excess 3 No-Link-Jars: 
			[rwx,r-x,r-x] user=[root] group=[wheel] file=[google-gson-stream-1.6.jar]
			[rwx,r-x,r-x] user=[root] group=[wheel] file=[/usr/lib/hadoop/google-gson-stream-1.6.jar]
			[rw-,r--,---] user=[root] group=[wheel] file=[/usr/lib/hadoop/algs4.jar]

	2.Checking service of IncepterSQL
		3.The dir doesn't exsist 
		3.The dir doesn't exsist 
		3.The dir doesn't exsist 
		3.The dir doesn't exsist 

The Service: [IncepterSQL] is fine!
	2.Checking service of Hyperbase
		3.The dir doesn't exsist 

The Service: [Hyperbase] is fine!
	2.Checking service of Oozie
		3.The dir doesn't exsist 

The Service: [Oozie] is fine!
	2.Checking service of Mahout
		3.The dir doesn't exsist 

The Service: [Mahout] is fine!
	2.Checking service of Flume
		3.The dir doesn't exsist 

The Service: [Flume] is fine!
	2.Checking service of Bigtop-util
		3.The dir doesn't exsist 

The Service: [Bigtop-util] is fine!
	2.Checking service of Hadoop-hdfs
		3.The dir doesn't exsist 

The Service: [Hadoop-hdfs] is fine!
	2.Checking service of Hadoop-mapreduce
		3.The dir doesn't exsist 

The Service: [Hadoop-mapreduce] is fine!
	2.Checking service of Bigtop-tomcat
		3.The dir doesn't exsist 

The Service: [Bigtop-tomcat] is fine!
	2.Checking service of Sqoop
		3.The dir doesn't exsist 

The Service: [Sqoop] is fine!
	2.Checking service of Pig
		3.The dir doesn't exsist 

The Service: [Pig] is fine!
1.Checking versionXML of version4_3.xml
	2.Checking service of Zookeeper
		3.The dir doesn't exsist 

The Service: [Zookeeper] is fine!
	2.Checking service of Kafka
		3.The dir doesn't exsist 

The Service: [Kafka] is fine!
	2.Checking service of IncepterML
		3.The dir doesn't exsist 

The Service: [IncepterML] is fine!
	2.Checking service of Hadoop-yarn
		3.The dir doesn't exsist 

The Service: [Hadoop-yarn] is fine!
	2.Checking service of ElasticSearch
		3.The dir doesn't exsist 

The Service: [ElasticSearch] is fine!
	2.Checking service of Hadoop
		3.The dir exsist
			4.Checking dir: /usr/lib/hadoop
				5.All the jar files of : /usr/lib/hadoop
						not link file
							[rwx,r-x,r-x] user=[root] group=[wheel] file=[google-gson-stream-1.6.jar]
							[rwx,r-x,r-x] user=[root] group=[wheel] file=[/usr/lib/hadoop/google-gson-stream-1.6.jar]
							[rw-,r--,---] user=[root] group=[wheel] file=[/usr/lib/hadoop/algs4.jar]
						link file

[Warning]: The following are the problems of the Service: [Hadoop] in Current Environment: 
	[1] The Jars of the Service: [Hadoop] in Current  Environment is not consisitent with corresponding Standard Environment!
		The Number of Link-Jars of [Hadoop] in Current Environment is Less Than that in Standard Environment,  Lack 5 Link-Jars : 
			[rwx,rwx,rwx] user=[root] group=[root] srcFile=[/usr/lib/hadoop/hadoop-auth.jar] destFile=[hadoop-auth-2.5.2-transwarp.jar]
			[rwx,rwx,rwx] user=[root] group=[root] srcFile=[/usr/lib/hadoop/hadoop-annotations.jar] destFile=[hadoop-annotations-2.5.2-transwarp.jar]
			[rwx,rwx,rwx] user=[root] group=[root] srcFile=[/usr/lib/hadoop/lib/zookeeper-3.4.5-transwarp.jar] destFile=[/usr/lib/zookeeper/zookeeper.jar]
			[rwx,rwx,rwx] user=[root] group=[root] srcFile=[/usr/lib/hadoop/hadoop-nfs.jar] destFile=[hadoop-nfs-2.5.2-transwarp.jar]
			[rwx,rwx,rwx] user=[root] group=[root] srcFile=[/usr/lib/hadoop/hadoop-common.jar] destFile=[hadoop-common-2.5.2-transwarp.jar]

		The Number of No-Link-Jars of [Hadoop] in Current Environment is Less Than that in Standard Environment,  Lack 65 No-Link-Jars: 
			[rw-,r--,r--] user=[root] group=[root] file=[/usr/lib/hadoop/lib/commons-el-1.0.jar]
			[rw-,r--,r--] user=[root] group=[root] file=[/usr/lib/hadoop/lib/paranamer-2.3.jar]
			[rw-,r--,r--] user=[root] group=[root] file=[/usr/lib/hadoop/lib/slf4j-api-1.7.5.jar]
			[rw-,r--,r--] user=[root] group=[root] file=[/usr/lib/hadoop/lib/jetty-6.1.26.transwarp.jar]
			[rw-,r--,r--] user=[root] group=[root] file=[/usr/lib/hadoop/lib/jsp-api-2.1.jar]
			[rw-,r--,r--] user=[root] group=[root] file=[/usr/lib/hadoop/lib/jackson-jaxrs-1.9.13.jar]
			[rw-,r--,r--] user=[root] group=[root] file=[/usr/lib/hadoop/lib/jersey-json-1.9.jar]
			[rw-,r--,r--] user=[root] group=[root] file=[/usr/lib/hadoop/lib/commons-codec-1.4.jar]
			[rw-,r--,r--] user=[root] group=[root] file=[/usr/lib/hadoop/lib/jackson-mapper-asl-1.9.13.jar]
			[rw-,r--,r--] user=[root] group=[root] file=[/usr/lib/hadoop/lib/xz-1.0.jar]
			[rw-,r--,r--] user=[root] group=[root] file=[/usr/lib/hadoop/lib/jettison-1.1.jar]
			[rw-,r--,r--] user=[root] group=[root] file=[/usr/lib/hadoop/lib/jasper-compiler-5.5.23.jar]
			[rw-,r--,r--] user=[root] group=[root] file=[/usr/lib/hadoop/lib/jsch-0.1.50.jar]
			[rw-,r--,r--] user=[root] group=[root] file=[/usr/lib/hadoop/hadoop-auth-2.5.2-transwarp.jar]
			[rw-,r--,r--] user=[root] group=[root] file=[/usr/lib/hadoop/lib/jackson-xc-1.9.13.jar]
			[rw-,r--,r--] user=[root] group=[root] file=[/usr/lib/hadoop/lib/jersey-core-1.9.jar]
			[rw-,r--,r--] user=[root] group=[root] file=[/usr/lib/hadoop/lib/commons-math3-3.1.1.jar]
			[rw-,r--,r--] user=[root] group=[root] file=[/usr/lib/hadoop/lib/commons-configuration-1.6.jar]
			[rw-,r--,r--] user=[root] group=[root] file=[/usr/lib/hadoop/lib/mockito-all-1.8.5.jar]
			[rw-,r--,r--] user=[root] group=[root] file=[/usr/lib/hadoop/lib/slf4j-log4j12-1.7.5.jar]
			[rw-,r--,r--] user=[root] group=[root] file=[/usr/lib/hadoop/hadoop-annotations-2.5.2-transwarp.jar]
			[rw-,r--,r--] user=[root] group=[root] file=[/usr/lib/hadoop/lib/httpclient-4.2.5.jar]
			[rw-,r--,r--] user=[root] group=[root] file=[/usr/lib/hadoop/lib/java-xmlbuilder-0.4.jar]
			[rw-,r--,r--] user=[root] group=[root] file=[/usr/lib/hadoop/lib/commons-collections-3.2.1.jar]
			[rw-,r--,r--] user=[root] group=[root] file=[/usr/lib/hadoop/lib/commons-digester-1.8.jar]
			[rw-,r--,r--] user=[root] group=[root] file=[/usr/lib/hadoop/lib/javax.servlet-api-3.0.1.jar]
			[rw-,r--,r--] user=[root] group=[root] file=[/usr/lib/hadoop/hadoop-common-2.5.2-transwarp-tests.jar]
			[rw-,r--,r--] user=[root] group=[root] file=[/usr/lib/hadoop/lib/commons-beanutils-1.7.0.jar]
			[rw-,r--,r--] user=[root] group=[root] file=[/usr/lib/hadoop/lib/servlet-api-2.4.jar]
			[rw-,r--,r--] user=[root] group=[root] file=[/usr/lib/hadoop/lib/httpcore-4.2.5.jar]
			[rw-,r--,r--] user=[root] group=[root] file=[/usr/lib/hadoop/lib/log4j-1.2.17.jar]
			[rw-,r--,r--] user=[root] group=[root] file=[/usr/lib/hadoop/lib/api-asn1-api-1.0.0-M20.jar]
			[rw-,r--,r--] user=[root] group=[root] file=[/usr/lib/hadoop/lib/commons-httpclient-3.1.jar]
			[rw-,r--,r--] user=[root] group=[root] file=[/usr/lib/hadoop/lib/jaxb-api-2.2.2.jar]
			[rw-,r--,r--] user=[root] group=[root] file=[/usr/lib/hadoop/lib/apacheds-kerberos-codec-2.0.0-M15.jar]
			[rw-,r--,r--] user=[root] group=[root] file=[/usr/lib/hadoop/lib/asm-3.2.jar]
			[rw-,r--,r--] user=[root] group=[root] file=[/usr/lib/hadoop/lib/commons-beanutils-core-1.8.0.jar]
			[rw-,r--,r--] user=[root] group=[root] file=[/usr/lib/hadoop/lib/commons-net-3.1.jar]
			[rw-,r--,r--] user=[root] group=[root] file=[/usr/lib/hadoop/hadoop-nfs-2.5.2-transwarp.jar]
			[rw-,r--,r--] user=[root] group=[root] file=[/usr/lib/hadoop/lib/stax-api-1.0-2.jar]
			[rw-,r--,r--] user=[root] group=[root] file=[/usr/lib/hadoop/lib/api-util-1.0.0-M20.jar]
			[rw-,r--,r--] user=[root] group=[root] file=[/usr/lib/hadoop/lib/jzlib-1.1.2.jar]
			[rw-,r--,r--] user=[root] group=[root] file=[/usr/lib/hadoop/lib/jets3t-0.9.0.jar]
			[rw-,r--,r--] user=[root] group=[root] file=[/usr/lib/hadoop/lib/avro-1.7.4.jar]
			[rw-,r--,r--] user=[root] group=[root] file=[/usr/lib/hadoop/lib/apacheds-i18n-2.0.0-M15.jar]
			[rw-,r--,r--] user=[root] group=[root] file=[/usr/lib/hadoop/lib/commons-logging-1.1.3.jar]
			[rw-,r--,r--] user=[root] group=[root] file=[/usr/lib/hadoop/lib/commons-io-2.4.jar]
			[rw-,r--,r--] user=[root] group=[root] file=[/usr/lib/hadoop/lib/commons-cli-1.2.jar]
			[rw-,r--,r--] user=[root] group=[root] file=[/usr/lib/hadoop/lib/junit-4.11.jar]
			[rw-,r--,r--] user=[root] group=[root] file=[/usr/lib/hadoop/lib/activation-1.1.jar]
			[rw-,r--,r--] user=[root] group=[root] file=[/usr/lib/hadoop/lib/hamcrest-core-1.3.jar]
			[rw-,r--,r--] user=[root] group=[root] file=[/usr/lib/hadoop/lib/netty-3.6.2.Final.jar]
			[rw-,r--,r--] user=[root] group=[root] file=[/usr/lib/hadoop/hadoop-common-2.5.2-transwarp.jar]
			[rw-,r--,r--] user=[root] group=[root] file=[/usr/lib/hadoop/lib/protobuf-java-2.5.0.jar]
			[rw-,r--,r--] user=[root] group=[root] file=[/usr/lib/hadoop/lib/jasper-runtime-5.5.23.jar]
			[rw-,r--,r--] user=[root] group=[root] file=[/usr/lib/hadoop/lib/snappy-java-1.0.4.1.jar]
			[rw-,r--,r--] user=[root] group=[root] file=[/usr/lib/hadoop/lib/jaxb-impl-2.2.3-1.jar]
			[rw-,r--,r--] user=[root] group=[root] file=[/usr/lib/hadoop/lib/commons-lang-2.6.jar]
			[rw-,r--,r--] user=[root] group=[root] file=[/usr/lib/hadoop/lib/jsr305-1.3.9.jar]
			[rw-,r--,r--] user=[root] group=[root] file=[/usr/lib/hadoop/lib/jersey-server-1.9.jar]
			[rw-,r--,r--] user=[root] group=[root] file=[/usr/lib/hadoop/lib/guava-11.0.2.jar]
			[rw-,r--,r--] user=[root] group=[root] file=[/usr/lib/hadoop/lib/jetty-util-6.1.26.transwarp.jar]
			[rw-,r--,r--] user=[root] group=[root] file=[/usr/lib/hadoop/lib/xmlenc-0.52.jar]
			[rw-,r--,r--] user=[root] group=[root] file=[/usr/lib/hadoop/lib/commons-compress-1.4.1.jar]
			[rw-,r--,r--] user=[root] group=[root] file=[/usr/lib/hadoop/lib/jackson-core-asl-1.9.13.jar]

		The Number of No-Link-Jars of [Hadoop] in Current Environment is More Than that in Standard Environment, Excess 3 No-Link-Jars: 
			[rwx,r-x,r-x] user=[root] group=[wheel] file=[google-gson-stream-1.6.jar]
			[rwx,r-x,r-x] user=[root] group=[wheel] file=[/usr/lib/hadoop/google-gson-stream-1.6.jar]
			[rw-,r--,---] user=[root] group=[wheel] file=[/usr/lib/hadoop/algs4.jar]

	2.Checking service of IncepterSQL
		3.The dir doesn't exsist 
		3.The dir doesn't exsist 
		3.The dir doesn't exsist 
		3.The dir doesn't exsist 

The Service: [IncepterSQL] is fine!
	2.Checking service of Hyperbase
		3.The dir doesn't exsist 

The Service: [Hyperbase] is fine!
	2.Checking service of Oozie
		3.The dir doesn't exsist 

The Service: [Oozie] is fine!
	2.Checking service of Mahout
		3.The dir doesn't exsist 

The Service: [Mahout] is fine!
	2.Checking service of Flume
		3.The dir doesn't exsist 

The Service: [Flume] is fine!
	2.Checking service of Bigtop-util
		3.The dir doesn't exsist 

The Service: [Bigtop-util] is fine!
	2.Checking service of Hadoop-hdfs
		3.The dir doesn't exsist 

The Service: [Hadoop-hdfs] is fine!
	2.Checking service of Hadoop-mapreduce
		3.The dir doesn't exsist 

The Service: [Hadoop-mapreduce] is fine!
	2.Checking service of Bigtop-tomcat
		3.The dir doesn't exsist 

The Service: [Bigtop-tomcat] is fine!
	2.Checking service of Sqoop
		3.The dir doesn't exsist 

The Service: [Sqoop] is fine!
	2.Checking service of Pig
		3.The dir doesn't exsist 

The Service: [Pig] is fine!
1.Checking versionXML of version4_2.xml
	2.Checking service of Zookeeper
		3.The dir doesn't exsist 

The Service: [Zookeeper] is fine!
	2.Checking service of Kafka
		3.The dir doesn't exsist 

The Service: [Kafka] is fine!
	2.Checking service of IncepterML
		3.The dir doesn't exsist 

The Service: [IncepterML] is fine!
	2.Checking service of Hadoop-yarn
		3.The dir doesn't exsist 

The Service: [Hadoop-yarn] is fine!
	2.Checking service of ElasticSearch
		3.The dir doesn't exsist 

The Service: [ElasticSearch] is fine!
	2.Checking service of Hadoop
		3.The dir exsist
			4.Checking dir: /usr/lib/hadoop
				5.All the jar files of : /usr/lib/hadoop
						not link file
							[rwx,r-x,r-x] user=[root] group=[wheel] file=[google-gson-stream-1.6.jar]
							[rwx,r-x,r-x] user=[root] group=[wheel] file=[/usr/lib/hadoop/google-gson-stream-1.6.jar]
							[rw-,r--,---] user=[root] group=[wheel] file=[/usr/lib/hadoop/algs4.jar]
						link file

[Warning]: The following are the problems of the Service: [Hadoop] in Current Environment: 
	[1] The Jars of the Service: [Hadoop] in Current  Environment is not consisitent with corresponding Standard Environment!
		The Number of No-Link-Jars of [Hadoop] in Current Environment is Less Than that in Standard Environment,  Lack 4 No-Link-Jars: 
			[rw-,r--,r--] user=[root] group=[root] file=[/usr/lib/hadoop/lib/commons-digester-1.8.jar]
			[rw-,r--,r--] user=[root] group=[root] file=[/usr/lib/hadoop/lib/jettison-1.1.jar]
			[rw-,r--,r--] user=[root] group=[root] file=[/usr/lib/hadoop/hadoop-nfs-2.5.2-transwarp.jar]
			[rw-,r--,r--] user=[root] group=[root] file=[/usr/lib/hadoop/lib/jackson-mapper-asl-1.9.13.jar]

		The Number of No-Link-Jars of [Hadoop] in Current Environment is More Than that in Standard Environment, Excess 3 No-Link-Jars: 
			[rwx,r-x,r-x] user=[root] group=[wheel] file=[google-gson-stream-1.6.jar]
			[rwx,r-x,r-x] user=[root] group=[wheel] file=[/usr/lib/hadoop/google-gson-stream-1.6.jar]
			[rw-,r--,---] user=[root] group=[wheel] file=[/usr/lib/hadoop/algs4.jar]

	2.Checking service of IncepterSQL
		3.The dir doesn't exsist 
		3.The dir doesn't exsist 
		3.The dir doesn't exsist 
		3.The dir doesn't exsist 

The Service: [IncepterSQL] is fine!
	2.Checking service of Hyperbase
		3.The dir doesn't exsist 

The Service: [Hyperbase] is fine!
	2.Checking service of Oozie
		3.The dir doesn't exsist 

The Service: [Oozie] is fine!
	2.Checking service of Mahout
		3.The dir doesn't exsist 

The Service: [Mahout] is fine!
	2.Checking service of Flume
		3.The dir doesn't exsist 

The Service: [Flume] is fine!
	2.Checking service of Bigtop-util
		3.The dir doesn't exsist 

The Service: [Bigtop-util] is fine!
	2.Checking service of Hadoop-hdfs
		3.The dir doesn't exsist 

The Service: [Hadoop-hdfs] is fine!
	2.Checking service of Hadoop-mapreduce
		3.The dir doesn't exsist 

The Service: [Hadoop-mapreduce] is fine!
	2.Checking service of Bigtop-tomcat
		3.The dir doesn't exsist 

The Service: [Bigtop-tomcat] is fine!
	2.Checking service of Sqoop
		3.The dir doesn't exsist 

The Service: [Sqoop] is fine!
	2.Checking service of Pig
		3.The dir doesn't exsist 

The Service: [Pig] is fine!
1.Checking versionXML of version4_1.xml
	2.Checking service of Zookeeper
		3.The dir doesn't exsist 

The Service: [Zookeeper] is fine!
	2.Checking service of Kafka
		3.The dir doesn't exsist 

The Service: [Kafka] is fine!
	2.Checking service of IncepterML
		3.The dir doesn't exsist 

The Service: [IncepterML] is fine!
	2.Checking service of Hadoop-yarn
		3.The dir doesn't exsist 

The Service: [Hadoop-yarn] is fine!
	2.Checking service of ElasticSearch
		3.The dir doesn't exsist 

The Service: [ElasticSearch] is fine!
	2.Checking service of Hadoop
		3.The dir exsist
			4.Checking dir: /usr/lib/hadoop
				5.All the jar files of : /usr/lib/hadoop
						not link file
							[rwx,r-x,r-x] user=[root] group=[wheel] file=[google-gson-stream-1.6.jar]
							[rwx,r-x,r-x] user=[root] group=[wheel] file=[/usr/lib/hadoop/google-gson-stream-1.6.jar]
							[rw-,r--,---] user=[root] group=[wheel] file=[/usr/lib/hadoop/algs4.jar]
						link file

[Warning]: The following are the problems of the Service: [Hadoop] in Current Environment: 
	[1] The Jars of the Service: [Hadoop] in Current  Environment is not consisitent with corresponding Standard Environment!
		The Number of Link-Jars of [Hadoop] in Current Environment is Less Than that in Standard Environment,  Lack 5 Link-Jars : 
			[rwx,rwx,rwx] user=[root] group=[root] srcFile=[/usr/lib/hadoop/hadoop-auth.jar] destFile=[hadoop-auth-2.5.2-transwarp.jar]
			[rwx,rwx,rwx] user=[root] group=[root] srcFile=[/usr/lib/hadoop/hadoop-annotations.jar] destFile=[hadoop-annotations-2.5.2-transwarp.jar]
			[rwx,rwx,rwx] user=[root] group=[root] srcFile=[/usr/lib/hadoop/lib/zookeeper-3.4.5-transwarp.jar] destFile=[/usr/lib/zookeeper/zookeeper.jar]
			[rwx,rwx,rwx] user=[root] group=[root] srcFile=[/usr/lib/hadoop/hadoop-nfs.jar] destFile=[hadoop-nfs-2.5.2-transwarp.jar]
			[rwx,rwx,rwx] user=[root] group=[root] srcFile=[/usr/lib/hadoop/hadoop-common.jar] destFile=[hadoop-common-2.5.2-transwarp.jar]

		The Number of No-Link-Jars of [Hadoop] in Current Environment is Less Than that in Standard Environment,  Lack 55 No-Link-Jars: 
			[rw-,r--,r--] user=[root] group=[root] file=[/usr/lib/hadoop/lib/commons-el-1.0.jar]
			[rw-,r--,r--] user=[root] group=[root] file=[/usr/lib/hadoop/lib/api-asn1-api-1.0.0-M20.jar]
			[rw-,r--,r--] user=[root] group=[root] file=[/usr/lib/hadoop/lib/slf4j-api-1.7.5.jar]
			[rw-,r--,r--] user=[root] group=[root] file=[/usr/lib/hadoop/lib/commons-httpclient-3.1.jar]
			[rw-,r--,r--] user=[root] group=[root] file=[/usr/lib/hadoop/lib/jaxb-api-2.2.2.jar]
			[rw-,r--,r--] user=[root] group=[root] file=[/usr/lib/hadoop/lib/jsp-api-2.1.jar]
			[rw-,r--,r--] user=[root] group=[root] file=[/usr/lib/hadoop/lib/jackson-jaxrs-1.9.13.jar]
			[rw-,r--,r--] user=[root] group=[root] file=[/usr/lib/hadoop/lib/commons-codec-1.4.jar]
			[rw-,r--,r--] user=[root] group=[root] file=[/usr/lib/hadoop/lib/apacheds-kerberos-codec-2.0.0-M15.jar]
			[rw-,r--,r--] user=[root] group=[root] file=[/usr/lib/hadoop/lib/jackson-mapper-asl-1.9.13.jar]
			[rw-,r--,r--] user=[root] group=[root] file=[/usr/lib/hadoop/lib/asm-3.2.jar]
			[rw-,r--,r--] user=[root] group=[root] file=[/usr/lib/hadoop/lib/xz-1.0.jar]
			[rw-,r--,r--] user=[root] group=[root] file=[/usr/lib/hadoop/lib/commons-beanutils-core-1.8.0.jar]
			[rw-,r--,r--] user=[root] group=[root] file=[/usr/lib/hadoop/lib/jettison-1.1.jar]
			[rw-,r--,r--] user=[root] group=[root] file=[/usr/lib/hadoop/lib/commons-net-3.1.jar]
			[rw-,r--,r--] user=[root] group=[root] file=[/usr/lib/hadoop/hadoop-nfs-2.5.2-transwarp.jar]
			[rw-,r--,r--] user=[root] group=[root] file=[/usr/lib/hadoop/lib/stax-api-1.0-2.jar]
			[rw-,r--,r--] user=[root] group=[root] file=[/usr/lib/hadoop/lib/jasper-compiler-5.5.23.jar]
			[rw-,r--,r--] user=[root] group=[root] file=[/usr/lib/hadoop/lib/api-util-1.0.0-M20.jar]
			[rw-,r--,r--] user=[root] group=[root] file=[/usr/lib/hadoop/lib/jzlib-1.1.2.jar]
			[rw-,r--,r--] user=[root] group=[root] file=[/usr/lib/hadoop/lib/jets3t-0.9.0.jar]
			[rw-,r--,r--] user=[root] group=[root] file=[/usr/lib/hadoop/lib/jackson-xc-1.9.13.jar]
			[rw-,r--,r--] user=[root] group=[root] file=[/usr/lib/hadoop/lib/avro-1.7.4.jar]
			[rw-,r--,r--] user=[root] group=[root] file=[/usr/lib/hadoop/lib/apacheds-i18n-2.0.0-M15.jar]
			[rw-,r--,r--] user=[root] group=[root] file=[/usr/lib/hadoop/lib/commons-logging-1.1.3.jar]
			[rw-,r--,r--] user=[root] group=[root] file=[/usr/lib/hadoop/lib/jersey-core-1.9.jar]
			[rw-,r--,r--] user=[root] group=[root] file=[/usr/lib/hadoop/lib/commons-math3-3.1.1.jar]
			[rw-,r--,r--] user=[root] group=[root] file=[/usr/lib/hadoop/lib/mockito-all-1.8.5.jar]
			[rw-,r--,r--] user=[root] group=[root] file=[/usr/lib/hadoop/lib/commons-io-2.4.jar]
			[rw-,r--,r--] user=[root] group=[root] file=[/usr/lib/hadoop/lib/commons-cli-1.2.jar]
			[rw-,r--,r--] user=[root] group=[root] file=[/usr/lib/hadoop/lib/junit-4.11.jar]
			[rw-,r--,r--] user=[root] group=[root] file=[/usr/lib/hadoop/lib/activation-1.1.jar]
			[rw-,r--,r--] user=[root] group=[root] file=[/usr/lib/hadoop/hadoop-annotations-2.5.2-transwarp.jar]
			[rw-,r--,r--] user=[root] group=[root] file=[/usr/lib/hadoop/lib/httpclient-4.2.5.jar]
			[rw-,r--,r--] user=[root] group=[root] file=[/usr/lib/hadoop/lib/netty-3.6.2.Final.jar]
			[rw-,r--,r--] user=[root] group=[root] file=[/usr/lib/hadoop/hadoop-common-2.5.2-transwarp.jar]
			[rw-,r--,r--] user=[root] group=[root] file=[/usr/lib/hadoop/lib/commons-collections-3.2.1.jar]
			[rw-,r--,r--] user=[root] group=[root] file=[/usr/lib/hadoop/lib/commons-digester-1.8.jar]
			[rw-,r--,r--] user=[root] group=[root] file=[/usr/lib/hadoop/lib/java-xmlbuilder-0.4.jar]
			[rw-,r--,r--] user=[root] group=[root] file=[/usr/lib/hadoop/lib/javax.servlet-api-3.0.1.jar]
			[rw-,r--,r--] user=[root] group=[root] file=[/usr/lib/hadoop/lib/protobuf-java-2.5.0.jar]
			[rw-,r--,r--] user=[root] group=[root] file=[/usr/lib/hadoop/hadoop-common-2.5.2-transwarp-tests.jar]
			[rw-,r--,r--] user=[root] group=[root] file=[/usr/lib/hadoop/lib/snappy-java-1.0.4.1.jar]
			[rw-,r--,r--] user=[root] group=[root] file=[/usr/lib/hadoop/lib/jaxb-impl-2.2.3-1.jar]
			[rw-,r--,r--] user=[root] group=[root] file=[/usr/lib/hadoop/lib/commons-lang-2.6.jar]
			[rw-,r--,r--] user=[root] group=[root] file=[/usr/lib/hadoop/lib/commons-beanutils-1.7.0.jar]
			[rw-,r--,r--] user=[root] group=[root] file=[/usr/lib/hadoop/lib/jsr305-1.3.9.jar]
			[rw-,r--,r--] user=[root] group=[root] file=[/usr/lib/hadoop/lib/servlet-api-2.4.jar]
			[rw-,r--,r--] user=[root] group=[root] file=[/usr/lib/hadoop/lib/jersey-server-1.9.jar]
			[rw-,r--,r--] user=[root] group=[root] file=[/usr/lib/hadoop/lib/httpcore-4.2.5.jar]
			[rw-,r--,r--] user=[root] group=[root] file=[/usr/lib/hadoop/lib/guava-11.0.2.jar]
			[rw-,r--,r--] user=[root] group=[root] file=[/usr/lib/hadoop/lib/jetty-util-6.1.26.transwarp.jar]
			[rw-,r--,r--] user=[root] group=[root] file=[/usr/lib/hadoop/lib/xmlenc-0.52.jar]
			[rw-,r--,r--] user=[root] group=[root] file=[/usr/lib/hadoop/lib/commons-compress-1.4.1.jar]
			[rw-,r--,r--] user=[root] group=[root] file=[/usr/lib/hadoop/lib/jackson-core-asl-1.9.13.jar]

		The Number of No-Link-Jars of [Hadoop] in Current Environment is More Than that in Standard Environment, Excess 3 No-Link-Jars: 
			[rwx,r-x,r-x] user=[root] group=[wheel] file=[google-gson-stream-1.6.jar]
			[rwx,r-x,r-x] user=[root] group=[wheel] file=[/usr/lib/hadoop/google-gson-stream-1.6.jar]
			[rw-,r--,---] user=[root] group=[wheel] file=[/usr/lib/hadoop/algs4.jar]

	2.Checking service of IncepterSQL
		3.The dir doesn't exsist 
		3.The dir doesn't exsist 
		3.The dir doesn't exsist 
		3.The dir doesn't exsist 

The Service: [IncepterSQL] is fine!
	2.Checking service of Hyperbase
		3.The dir doesn't exsist 

The Service: [Hyperbase] is fine!
	2.Checking service of Oozie
		3.The dir doesn't exsist 

The Service: [Oozie] is fine!
	2.Checking service of Mahout
		3.The dir doesn't exsist 

The Service: [Mahout] is fine!
	2.Checking service of Flume
		3.The dir doesn't exsist 

The Service: [Flume] is fine!
	2.Checking service of Bigtop-util
		3.The dir doesn't exsist 

The Service: [Bigtop-util] is fine!
	2.Checking service of Hadoop-hdfs
		3.The dir doesn't exsist 

The Service: [Hadoop-hdfs] is fine!
	2.Checking service of Hadoop-mapreduce
		3.The dir doesn't exsist 

The Service: [Hadoop-mapreduce] is fine!
	2.Checking service of Bigtop-tomcat
		3.The dir doesn't exsist 

The Service: [Bigtop-tomcat] is fine!
	2.Checking service of Sqoop
		3.The dir doesn't exsist 

The Service: [Sqoop] is fine!
	2.Checking service of Pig
		3.The dir doesn't exsist 

The Service: [Pig] is fine!
1.Checking versionXML of version4_0.xml
	2.Checking service of Zookeeper
		3.The dir doesn't exsist 

The Service: [Zookeeper] is fine!
	2.Checking service of Kafka
		3.The dir doesn't exsist 

The Service: [Kafka] is fine!
	2.Checking service of IncepterML
		3.The dir doesn't exsist 

The Service: [IncepterML] is fine!
	2.Checking service of Hadoop-yarn
		3.The dir doesn't exsist 

The Service: [Hadoop-yarn] is fine!
	2.Checking service of ElasticSearch
		3.The dir doesn't exsist 

The Service: [ElasticSearch] is fine!
	2.Checking service of Hadoop
		3.The dir exsist
			4.Checking dir: /usr/lib/hadoop
				5.All the jar files of : /usr/lib/hadoop
						not link file
							[rwx,r-x,r-x] user=[root] group=[wheel] file=[google-gson-stream-1.6.jar]
							[rwx,r-x,r-x] user=[root] group=[wheel] file=[/usr/lib/hadoop/google-gson-stream-1.6.jar]
							[rw-,r--,---] user=[root] group=[wheel] file=[/usr/lib/hadoop/algs4.jar]
						link file

[Warning]: The following are the problems of the Service: [Hadoop] in Current Environment: 
	[1] The Jars of the Service: [Hadoop] in Current  Environment is not consisitent with corresponding Standard Environment!
		The Number of No-Link-Jars of [Hadoop] in Current Environment is Less Than that in Standard Environment,  Lack 1 No-Link-Jars: 
			[rw-,r--,r--] user=[root] group=[root] file=[/usr/lib/hadoop/lib/jettison-1.1.jar]

		The Number of No-Link-Jars of [Hadoop] in Current Environment is More Than that in Standard Environment, Excess 3 No-Link-Jars: 
			[rwx,r-x,r-x] user=[root] group=[wheel] file=[google-gson-stream-1.6.jar]
			[rwx,r-x,r-x] user=[root] group=[wheel] file=[/usr/lib/hadoop/google-gson-stream-1.6.jar]
			[rw-,r--,---] user=[root] group=[wheel] file=[/usr/lib/hadoop/algs4.jar]

	2.Checking service of IncepterSQL
		3.The dir doesn't exsist 
		3.The dir doesn't exsist 
		3.The dir doesn't exsist 
		3.The dir doesn't exsist 

The Service: [IncepterSQL] is fine!
	2.Checking service of Hyperbase
		3.The dir doesn't exsist 

The Service: [Hyperbase] is fine!
	2.Checking service of Oozie
		3.The dir doesn't exsist 

The Service: [Oozie] is fine!
	2.Checking service of Mahout
		3.The dir doesn't exsist 

The Service: [Mahout] is fine!
	2.Checking service of Flume
		3.The dir doesn't exsist 

The Service: [Flume] is fine!
	2.Checking service of Bigtop-util
		3.The dir doesn't exsist 

The Service: [Bigtop-util] is fine!
	2.Checking service of Hadoop-hdfs
		3.The dir doesn't exsist 

The Service: [Hadoop-hdfs] is fine!
	2.Checking service of Hadoop-mapreduce
		3.The dir doesn't exsist 

The Service: [Hadoop-mapreduce] is fine!
	2.Checking service of Bigtop-tomcat
		3.The dir doesn't exsist 

The Service: [Bigtop-tomcat] is fine!
	2.Checking service of Sqoop
		3.The dir doesn't exsist 

The Service: [Sqoop] is fine!
	2.Checking service of Pig
		3.The dir doesn't exsist 

The Service: [Pig] is fine!

The most match versionXML is version4_3.xml

