                  OS :Mac OS X
             OS Arch :x86_64
                User :gesuheng
         JVM Version :1.8.0_20
          JVM Vendor :Oracle Corporation
            JVM Home :/Library/Java/JavaVirtualMachines/jdk1.8.0_20.jdk/Contents/Home/jre
    JVM Library Path :/Users/gesuheng/Library/Java/Extensions:/Library/Java/Extensions:/Network/Library/Java/Extensions:/System/Library/Java/Extensions:/usr/lib/java:.

Execution command 'hostname -f'...Solomon.local

Execution command 'df'...Filesystem    512-blocks     Used Available Capacity iused    ifree %iused  Mounted on
/dev/disk1     234573824 72857808 161204016    32% 9171224 20150502   31%   /
devfs                656      656         0   100%    1136        0  100%   /dev
map -hosts             0        0         0   100%       0        0  100%   /net
map auto_home          0        0         0   100%       0        0  100%   /home

Execution command 'mount'.../dev/disk1 on / (hfs, local, journaled)
devfs on /dev (devfs, local, nobrowse)
map -hosts on /net (autofs, nosuid, automounted, nobrowse)
map auto_home on /home (autofs, automounted, nobrowse)

Execution command 'ifconfig'...lo0: flags=8049<UP,LOOPBACK,RUNNING,MULTICAST> mtu 16384
	options=3<RXCSUM,TXCSUM>
	inet6 ::1 prefixlen 128 
	inet 127.0.0.1 netmask 0xff000000 
	inet6 fe80::1%lo0 prefixlen 64 scopeid 0x1 
	nd6 options=1<PERFORMNUD>
gif0: flags=8010<POINTOPOINT,MULTICAST> mtu 1280
stf0: flags=0<> mtu 1280
en0: flags=8863<UP,BROADCAST,SMART,RUNNING,SIMPLEX,MULTICAST> mtu 1500
	ether 80:e6:50:18:17:64 
	inet6 fe80::82e6:50ff:fe18:1764%en0 prefixlen 64 scopeid 0x4 
	inet 172.16.3.6 netmask 0xfffffc00 broadcast 172.16.3.255
	nd6 options=1<PERFORMNUD>
	media: autoselect
	status: active
en1: flags=8963<UP,BROADCAST,SMART,RUNNING,PROMISC,SIMPLEX,MULTICAST> mtu 1500
	options=60<TSO4,TSO6>
	ether 72:00:05:2a:50:c0 
	media: autoselect <full-duplex>
	status: inactive
en2: flags=8963<UP,BROADCAST,SMART,RUNNING,PROMISC,SIMPLEX,MULTICAST> mtu 1500
	options=60<TSO4,TSO6>
	ether 72:00:05:2a:50:c1 
	media: autoselect <full-duplex>
	status: inactive
p2p0: flags=8843<UP,BROADCAST,RUNNING,SIMPLEX,MULTICAST> mtu 2304
	ether 02:e6:50:18:17:64 
	media: autoselect
	status: inactive
awdl0: flags=8943<UP,BROADCAST,RUNNING,PROMISC,SIMPLEX,MULTICAST> mtu 1452
	ether b2:f8:5e:63:c6:a8 
	inet6 fe80::b0f8:5eff:fe63:c6a8%awdl0 prefixlen 64 scopeid 0x8 
	nd6 options=1<PERFORMNUD>
	media: autoselect
	status: active
bridge0: flags=8822<BROADCAST,SMART,SIMPLEX,MULTICAST> mtu 1500
	options=63<RXCSUM,TXCSUM,TSO4,TSO6>
	ether 82:e6:50:81:15:00 
	Configuration:
		id 0:0:0:0:0:0 priority 0 hellotime 0 fwddelay 0
		maxage 0 holdcnt 0 proto stp maxaddr 100 timeout 1200
		root id 0:0:0:0:0:0 priority 0 ifcost 0 port 0
		ipfilter disabled flags 0x2
	member: en1 flags=3<LEARNING,DISCOVER>
	        ifmaxaddr 0 port 5 priority 0 path cost 0
	member: en2 flags=3<LEARNING,DISCOVER>
	        ifmaxaddr 0 port 6 priority 0 path cost 0
	media: <unknown type>
	status: inactive

Execution command 'jps'...6272 Launcher
6901 Launcher
6902 AppMain
936 AppMain
378 
6907 Jps
461 NailgunRunner
942 AppMain

Execution command 'ls'...getTDHStandardVersion.sh
koalas.iml
koalas.sh
log
pom.xml
src
target

Execution command 'file'...Usage: file [-bchikLNnprsvz0] [-e test] [-f namefile] [-F separator] [-m magicfiles] [-M magicfiles] file...
       file -C -m magicfiles
Try `file --help' for more information.

