                  OS :Mac OS X
             OS Arch :x86_64
                User :gesuheng
         JVM Version :1.8.0_20
          JVM Vendor :Oracle Corporation
            JVM Home :/Library/Java/JavaVirtualMachines/jdk1.8.0_20.jdk/Contents/Home/jre
    JVM Library Path :/Users/gesuheng/Library/Java/Extensions:/Library/Java/Extensions:/Network/Library/Java/Extensions:/System/Library/Java/Extensions:/usr/lib/java:.

Execution command 'hostname -f'...
Solomon.local

Execution command 'df'...
Filesystem    512-blocks     Used Available Capacity iused    ifree %iused  Mounted on
/dev/disk1     234573824 72886848 161174976    32% 9174854 20146872   31%   /
devfs                657      657         0   100%    1138        0  100%   /dev
map -hosts             0        0         0   100%       0        0  100%   /net
map auto_home          0        0         0   100%       0        0  100%   /home

Execution command 'mount'...
/dev/disk1 on / (hfs, local, journaled)
devfs on /dev (devfs, local, nobrowse)
map -hosts on /net (autofs, nosuid, automounted, nobrowse)
map auto_home on /home (autofs, automounted, nobrowse)

Execution command 'ifconfig'...
lo0: flags=8049<UP,LOOPBACK,RUNNING,MULTICAST> mtu 16384
	options=3<RXCSUM,TXCSUM>
	inet6 ::1 prefixlen 128 
	inet 127.0.0.1 netmask 0xff000000 
	inet6 fe80::1%lo0 prefixlen 64 scopeid 0x1 
	nd6 options=1<PERFORMNUD>
gif0: flags=8010<POINTOPOINT,MULTICAST> mtu 1280
stf0: flags=0<> mtu 1280
en0: flags=8863<UP,BROADCAST,SMART,RUNNING,SIMPLEX,MULTICAST> mtu 1500
	ether 80:e6:50:18:17:64 
	inet6 fe80::82e6:50ff:fe18:1764%en0 prefixlen 64 scopeid 0x4 
	inet 172.16.3.228 netmask 0xfffffc00 broadcast 172.16.3.255
	nd6 options=1<PERFORMNUD>
	media: autoselect
	status: active
en1: flags=8963<UP,BROADCAST,SMART,RUNNING,PROMISC,SIMPLEX,MULTICAST> mtu 1500
	options=60<TSO4,TSO6>
	ether 72:00:05:2a:50:c0 
	media: autoselect <full-duplex>
	status: inactive
en2: flags=8963<UP,BROADCAST,SMART,RUNNING,PROMISC,SIMPLEX,MULTICAST> mtu 1500
	options=60<TSO4,TSO6>
	ether 72:00:05:2a:50:c1 
	media: autoselect <full-duplex>
	status: inactive
bridge0: flags=8822<BROADCAST,SMART,SIMPLEX,MULTICAST> mtu 1500
	options=63<RXCSUM,TXCSUM,TSO4,TSO6>
	ether 82:e6:50:81:15:00 
	Configuration:
		id 0:0:0:0:0:0 priority 0 hellotime 0 fwddelay 0
		maxage 0 holdcnt 0 proto stp maxaddr 100 timeout 1200
		root id 0:0:0:0:0:0 priority 0 ifcost 0 port 0
		ipfilter disabled flags 0x2
	member: en1 flags=3<LEARNING,DISCOVER>
	        ifmaxaddr 0 port 5 priority 0 path cost 0
	member: en2 flags=3<LEARNING,DISCOVER>
	        ifmaxaddr 0 port 6 priority 0 path cost 0
	media: <unknown type>
	status: inactive
p2p0: flags=8843<UP,BROADCAST,RUNNING,SIMPLEX,MULTICAST> mtu 2304
	ether 02:e6:50:18:17:64 
	media: autoselect
	status: inactive
awdl0: flags=8943<UP,BROADCAST,RUNNING,PROMISC,SIMPLEX,MULTICAST> mtu 1452
	ether 26:3a:58:4d:c8:7d 
	inet6 fe80::243a:58ff:fe4d:c87d%awdl0 prefixlen 64 scopeid 0x9 
	nd6 options=1<PERFORMNUD>
	media: autoselect
	status: active

Execution command 'jps'...
2897 MainGenericRunner
2563 MainGenericRunner
2851 Launcher
3092 Launcher
2085 
3093 AppMain
2008 
3048 MainGenericRunner
2218 NailgunRunner
3098 Jps

